chegada-casa/app/build/intermediates/manifest_merge_blame_file/debug/processDebugMainManifest/manifest-merger-blame-debug-report.txt
1<?xml version="1.0" encoding="utf-8"?>
2<manifest xmlns:android="http://schemas.android.com/apk/res/android"
3    package="com.cilassouza.chegadacasa.fast"
4    android:versionCode="9"
5    android:versionName="2.4-gps-2km-portao24h" >
6
7    <uses-sdk
8        android:minSdkVersion="26"
9        android:targetSdkVersion="35" />
10
11    <uses-permission android:name="android.permission.ACCESS_COARSE_LOCATION" />
11-->src/main/AndroidManifest.xml:3:5-81
11-->src/main/AndroidManifest.xml:3:22-78
12    <uses-permission android:name="android.permission.ACCESS_FINE_LOCATION" />
12-->src/main/AndroidManifest.xml:4:5-79
12-->src/main/AndroidManifest.xml:4:22-76
13    <uses-permission android:name="android.permission.ACCESS_BACKGROUND_LOCATION" />
13-->src/main/AndroidManifest.xml:5:5-85
13-->src/main/AndroidManifest.xml:5:22-82
14    <uses-permission android:name="android.permission.POST_NOTIFICATIONS" />
14-->src/main/AndroidManifest.xml:6:5-77
14-->src/main/AndroidManifest.xml:6:22-74
15    <uses-permission android:name="android.permission.INTERNET" />
15-->src/main/AndroidManifest.xml:7:5-67
15-->src/main/AndroidManifest.xml:7:22-64
16    <uses-permission android:name="android.permission.FOREGROUND_SERVICE" />
16-->src/main/AndroidManifest.xml:8:5-77
16-->src/main/AndroidManifest.xml:8:22-74
17    <uses-permission android:name="android.permission.FOREGROUND_SERVICE_LOCATION" />
17-->src/main/AndroidManifest.xml:9:5-86
17-->src/main/AndroidManifest.xml:9:22-83
18    <uses-permission android:name="android.permission.RECEIVE_BOOT_COMPLETED" />
18-->src/main/AndroidManifest.xml:10:5-81
18-->src/main/AndroidManifest.xml:10:22-78
19
20    <queries>
20-->src/main/AndroidManifest.xml:12:5-15:15
21        <intent>
21-->src/main/AndroidManifest.xml:13:9-85
22            <action android:name="android.intent.action.TTS_SERVICE" />
22-->src/main/AndroidManifest.xml:13:17-76
22-->src/main/AndroidManifest.xml:13:25-73
23        </intent>
24        <intent>
24-->src/main/AndroidManifest.xml:14:9-90
25            <action android:name="android.speech.action.RECOGNIZE_SPEECH" />
25-->src/main/AndroidManifest.xml:14:17-81
25-->src/main/AndroidManifest.xml:14:25-78
26        </intent>
27
28        <provider
28-->[androidx.car.app:app:1.7.0] AndroidManifest.xml:24:9-27:43
29            android:name="androidx.car.app.connection.provider"
29-->[androidx.car.app:app:1.7.0] AndroidManifest.xml:25:13-64
30            android:authorities="androidx.car.app.connection" />
30-->[androidx.car.app:app:1.7.0] AndroidManifest.xml:26:13-62
31    </queries>
32
33    <permission
33-->[androidx.core:core:1.15.0] AndroidManifest.xml:22:5-24:47
34        android:name="com.cilassouza.chegadacasa.fast.DYNAMIC_RECEIVER_NOT_EXPORTED_PERMISSION"
34-->[androidx.core:core:1.15.0] AndroidManifest.xml:23:9-81
35        android:protectionLevel="signature" />
35-->[androidx.core:core:1.15.0] AndroidManifest.xml:24:9-44
36
37    <uses-permission android:name="com.cilassouza.chegadacasa.fast.DYNAMIC_RECEIVER_NOT_EXPORTED_PERMISSION" />
37-->[androidx.core:core:1.15.0] AndroidManifest.xml:26:5-97
37-->[androidx.core:core:1.15.0] AndroidManifest.xml:26:22-94
38
39    <application
39-->src/main/AndroidManifest.xml:17:5-63:19
40        android:allowBackup="false"
40-->src/main/AndroidManifest.xml:18:9-36
41        android:appComponentFactory="androidx.core.app.CoreComponentFactory"
41-->[androidx.core:core:1.15.0] AndroidManifest.xml:28:18-86
42        android:debuggable="true"
43        android:extractNativeLibs="false"
44        android:label="Chegada Casa Rápido"
44-->src/main/AndroidManifest.xml:19:9-44
45        android:theme="@android:style/Theme.Material.Light.NoActionBar" >
45-->src/main/AndroidManifest.xml:20:9-72
46        <meta-data
46-->src/main/AndroidManifest.xml:22:9-23:59
47            android:name="com.google.android.gms.car.application"
47-->src/main/AndroidManifest.xml:22:20-73
48            android:resource="@xml/automotive_app_desc" />
48-->src/main/AndroidManifest.xml:23:13-56
49        <meta-data
49-->src/main/AndroidManifest.xml:24:9-87
50            android:name="androidx.car.app.minCarApiLevel"
50-->src/main/AndroidManifest.xml:24:20-66
51            android:value="1" />
51-->src/main/AndroidManifest.xml:24:67-84
52
53        <service
53-->src/main/AndroidManifest.xml:26:9-27:81
54            android:name="com.cilassouza.chegadacasa.ArrivalMonitorService"
54-->src/main/AndroidManifest.xml:26:18-55
55            android:exported="false"
55-->src/main/AndroidManifest.xml:27:13-37
56            android:foregroundServiceType="location" />
56-->src/main/AndroidManifest.xml:27:38-78
57        <service
57-->src/main/AndroidManifest.xml:28:9-33:19
58            android:name="com.cilassouza.chegadacasa.ChegadaCarAppService"
58-->src/main/AndroidManifest.xml:28:18-54
59            android:exported="true" >
59-->src/main/AndroidManifest.xml:28:55-78
60            <intent-filter>
60-->src/main/AndroidManifest.xml:29:13-32:29
61                <action android:name="androidx.car.app.CarAppService" />
61-->src/main/AndroidManifest.xml:30:17-73
61-->src/main/AndroidManifest.xml:30:25-70
62
63                <category android:name="androidx.car.app.category.IOT" />
63-->src/main/AndroidManifest.xml:31:17-74
63-->src/main/AndroidManifest.xml:31:27-71
64            </intent-filter>
65        </service>
66
67        <activity
67-->src/main/AndroidManifest.xml:35:9-36:52
68            android:name="com.cilassouza.chegadacasa.MapActivity"
68-->src/main/AndroidManifest.xml:35:19-46
69            android:exported="false"
69-->src/main/AndroidManifest.xml:35:47-71
70            android:screenOrientation="portrait" />
70-->src/main/AndroidManifest.xml:36:13-49
71        <activity
71-->src/main/AndroidManifest.xml:37:9-38:52
72            android:name="com.cilassouza.chegadacasa.MainActivity"
72-->src/main/AndroidManifest.xml:37:19-47
73            android:exported="false"
73-->src/main/AndroidManifest.xml:37:48-72
74            android:screenOrientation="portrait" />
74-->src/main/AndroidManifest.xml:38:13-49
75        <activity
75-->src/main/AndroidManifest.xml:39:9-40:83
76            android:name="com.cilassouza.chegadacasa.FixedMainActivity"
76-->src/main/AndroidManifest.xml:39:19-52
77            android:exported="false"
77-->src/main/AndroidManifest.xml:39:53-77
78            android:launchMode="singleTop"
78-->src/main/AndroidManifest.xml:40:13-43
79            android:screenOrientation="portrait" />
79-->src/main/AndroidManifest.xml:40:44-80
80        <activity
80-->src/main/AndroidManifest.xml:41:9-42:52
81            android:name="com.cilassouza.chegadacasa.GateVoiceActivity"
81-->src/main/AndroidManifest.xml:41:19-52
82            android:exported="false"
82-->src/main/AndroidManifest.xml:41:53-77
83            android:screenOrientation="portrait" />
83-->src/main/AndroidManifest.xml:42:13-49
84        <activity
84-->src/main/AndroidManifest.xml:43:9-55:20
85            android:name="com.cilassouza.chegadacasa.ArrivalDiagnosticActivity"
85-->src/main/AndroidManifest.xml:43:19-60
86            android:exported="true"
86-->src/main/AndroidManifest.xml:43:61-84
87            android:launchMode="singleTop"
87-->src/main/AndroidManifest.xml:44:13-43
88            android:screenOrientation="portrait" >
88-->src/main/AndroidManifest.xml:44:44-80
89            <intent-filter>
89-->src/main/AndroidManifest.xml:45:13-48:29
90                <action android:name="android.intent.action.MAIN" />
90-->src/main/AndroidManifest.xml:46:17-69
90-->src/main/AndroidManifest.xml:46:25-66
91
92                <category android:name="android.intent.category.LAUNCHER" />
92-->src/main/AndroidManifest.xml:47:17-77
92-->src/main/AndroidManifest.xml:47:27-74
93            </intent-filter>
94            <intent-filter>
94-->src/main/AndroidManifest.xml:49:13-54:29
95                <action android:name="android.intent.action.VIEW" />
95-->src/main/AndroidManifest.xml:50:17-69
95-->src/main/AndroidManifest.xml:50:25-66
96
97                <category android:name="android.intent.category.DEFAULT" />
97-->src/main/AndroidManifest.xml:51:17-76
97-->src/main/AndroidManifest.xml:51:27-73
98                <category android:name="android.intent.category.BROWSABLE" />
98-->src/main/AndroidManifest.xml:52:17-78
98-->src/main/AndroidManifest.xml:52:27-75
99
100                <data
100-->src/main/AndroidManifest.xml:53:17-77
101                    android:host="oauth"
101-->src/main/AndroidManifest.xml:53:54-74
102                    android:scheme="chegadacasav2" />
102-->src/main/AndroidManifest.xml:53:23-53
103            </intent-filter>
104        </activity>
105
106        <receiver
106-->src/main/AndroidManifest.xml:56:9-79
107            android:name="com.cilassouza.chegadacasa.GeofenceReceiver"
107-->src/main/AndroidManifest.xml:56:19-51
108            android:exported="false" />
108-->src/main/AndroidManifest.xml:56:52-76
109        <receiver
109-->src/main/AndroidManifest.xml:57:9-62:20
110            android:name="com.cilassouza.chegadacasa.BootReceiver"
110-->src/main/AndroidManifest.xml:57:19-47
111            android:exported="false" >
111-->src/main/AndroidManifest.xml:57:48-72
112            <intent-filter>
112-->src/main/AndroidManifest.xml:58:13-61:29
113                <action android:name="android.intent.action.BOOT_COMPLETED" />
113-->src/main/AndroidManifest.xml:59:17-79
113-->src/main/AndroidManifest.xml:59:25-76
114                <action android:name="android.intent.action.MY_PACKAGE_REPLACED" />
114-->src/main/AndroidManifest.xml:60:17-84
114-->src/main/AndroidManifest.xml:60:25-81
115            </intent-filter>
116        </receiver>
117
118        <service
118-->[androidx.car.app:app-projected:1.7.0] AndroidManifest.xml:24:9-34:19
119            android:name="androidx.car.app.CarAppMetadataHolderService"
119-->[androidx.car.app:app-projected:1.7.0] AndroidManifest.xml:25:13-72
120            android:enabled="false"
120-->[androidx.car.app:app-projected:1.7.0] AndroidManifest.xml:26:13-36
121            android:exported="false"
121-->[androidx.car.app:app-projected:1.7.0] AndroidManifest.xml:27:13-37
122            android:process="" >
122-->[androidx.car.app:app-projected:1.7.0] AndroidManifest.xml:28:13-31
123            <meta-data
123-->[androidx.car.app:app-projected:1.7.0] AndroidManifest.xml:31:13-33:89
124                android:name="androidx.car.app.CarAppMetadataHolderService.CAR_HARDWARE_MANAGER"
124-->[androidx.car.app:app-projected:1.7.0] AndroidManifest.xml:32:17-97
125                android:value="androidx.car.app.hardware.ProjectedCarHardwareManager" />
125-->[androidx.car.app:app-projected:1.7.0] AndroidManifest.xml:33:17-86
126        </service>
127
128        <activity
128-->[androidx.car.app:app:1.7.0] AndroidManifest.xml:31:9-34:75
129            android:name="androidx.car.app.CarAppPermissionActivity"
129-->[androidx.car.app:app:1.7.0] AndroidManifest.xml:32:13-69
130            android:exported="false"
130-->[androidx.car.app:app:1.7.0] AndroidManifest.xml:33:13-37
131            android:theme="@android:style/Theme.Translucent.NoTitleBar" />
131-->[androidx.car.app:app:1.7.0] AndroidManifest.xml:34:13-72
132
133        <receiver
133-->[androidx.car.app:app:1.7.0] AndroidManifest.xml:36:9-38:40
134            android:name="androidx.car.app.notification.CarAppNotificationBroadcastReceiver"
134-->[androidx.car.app:app:1.7.0] AndroidManifest.xml:37:13-93
135            android:exported="false" />
135-->[androidx.car.app:app:1.7.0] AndroidManifest.xml:38:13-37
136
137        <activity
137-->[com.google.android.gms:play-services-base:18.5.0] AndroidManifest.xml:5:9-173
138            android:name="com.google.android.gms.common.api.GoogleApiActivity"
138-->[com.google.android.gms:play-services-base:18.5.0] AndroidManifest.xml:5:19-85
139            android:exported="false"
139-->[com.google.android.gms:play-services-base:18.5.0] AndroidManifest.xml:5:146-170
140            android:theme="@android:style/Theme.Translucent.NoTitleBar" />
140-->[com.google.android.gms:play-services-base:18.5.0] AndroidManifest.xml:5:86-145
141
142        <meta-data
142-->[com.google.android.gms:play-services-basement:18.4.0] AndroidManifest.xml:6:9-122
143            android:name="com.google.android.gms.version"
143-->[com.google.android.gms:play-services-basement:18.4.0] AndroidManifest.xml:6:20-65
144            android:value="@integer/google_play_services_version" />
144-->[com.google.android.gms:play-services-basement:18.4.0] AndroidManifest.xml:6:66-119
145
146        <provider
146-->[androidx.profileinstaller:profileinstaller:1.3.0] AndroidManifest.xml:24:9-32:20
147            android:name="androidx.startup.InitializationProvider"
147-->[androidx.profileinstaller:profileinstaller:1.3.0] AndroidManifest.xml:25:13-67
148            android:authorities="com.cilassouza.chegadacasa.fast.androidx-startup"
148-->[androidx.profileinstaller:profileinstaller:1.3.0] AndroidManifest.xml:26:13-68
149            android:exported="false" >
149-->[androidx.profileinstaller:profileinstaller:1.3.0] AndroidManifest.xml:27:13-37
150            <meta-data
150-->[androidx.profileinstaller:profileinstaller:1.3.0] AndroidManifest.xml:29:13-31:52
151                android:name="androidx.profileinstaller.ProfileInstallerInitializer"
151-->[androidx.profileinstaller:profileinstaller:1.3.0] AndroidManifest.xml:30:17-85
152                android:value="androidx.startup" />
152-->[androidx.profileinstaller:profileinstaller:1.3.0] AndroidManifest.xml:31:17-49
153        </provider>
154
155        <receiver
155-->[androidx.profileinstaller:profileinstaller:1.3.0] AndroidManifest.xml:34:9-52:20
156            android:name="androidx.profileinstaller.ProfileInstallReceiver"
156-->[androidx.profileinstaller:profileinstaller:1.3.0] AndroidManifest.xml:35:13-76
157            android:directBootAware="false"
157-->[androidx.profileinstaller:profileinstaller:1.3.0] AndroidManifest.xml:36:13-44
158            android:enabled="true"
158-->[androidx.profileinstaller:profileinstaller:1.3.0] AndroidManifest.xml:37:13-35
159            android:exported="true"
159-->[androidx.profileinstaller:profileinstaller:1.3.0] AndroidManifest.xml:38:13-36
160            android:permission="android.permission.DUMP" >
160-->[androidx.profileinstaller:profileinstaller:1.3.0] AndroidManifest.xml:39:13-57
161            <intent-filter>
161-->[androidx.profileinstaller:profileinstaller:1.3.0] AndroidManifest.xml:40:13-42:29
162                <action android:name="androidx.profileinstaller.action.INSTALL_PROFILE" />
162-->[androidx.profileinstaller:profileinstaller:1.3.0] AndroidManifest.xml:41:17-91
162-->[androidx.profileinstaller:profileinstaller:1.3.0] AndroidManifest.xml:41:25-88
163            </intent-filter>
164            <intent-filter>
164-->[androidx.profileinstaller:profileinstaller:1.3.0] AndroidManifest.xml:43:13-45:29
165                <action android:name="androidx.profileinstaller.action.SKIP_FILE" />
165-->[androidx.profileinstaller:profileinstaller:1.3.0] AndroidManifest.xml:44:17-85
165-->[androidx.profileinstaller:profileinstaller:1.3.0] AndroidManifest.xml:44:25-82
166            </intent-filter>
167            <intent-filter>
167-->[androidx.profileinstaller:profileinstaller:1.3.0] AndroidManifest.xml:46:13-48:29
168                <action android:name="androidx.profileinstaller.action.SAVE_PROFILE" />
168-->[androidx.profileinstaller:profileinstaller:1.3.0] AndroidManifest.xml:47:17-88
168-->[androidx.profileinstaller:profileinstaller:1.3.0] AndroidManifest.xml:47:25-85
169            </intent-filter>
170            <intent-filter>
170-->[androidx.profileinstaller:profileinstaller:1.3.0] AndroidManifest.xml:49:13-51:29
171                <action android:name="androidx.profileinstaller.action.BENCHMARK_OPERATION" />
171-->[androidx.profileinstaller:profileinstaller:1.3.0] AndroidManifest.xml:50:17-95
171-->[androidx.profileinstaller:profileinstaller:1.3.0] AndroidManifest.xml:50:25-92
172            </intent-filter>
173        </receiver>
174    </application>
175
176</manifest>